<?xml version="1.0" encoding="UTF-8"?>
<!-- Generated by org.testng.reporters.JUnitReportReporter -->
<testsuite skipped="0" hostname="pinucomp" name="com.qa.tests.GetAPITest" tests="2" failures="0" timestamp="23 Mar 2019 17:49:12 GMT" time="4.767" errors="0">
  <testcase name="getAPITestWithoutHeaders" time="3.861" classname="com.qa.tests.GetAPITest"/>
  <testcase name="getAPITestWithHeaders" time="0.906" classname="com.qa.tests.GetAPITest"/>
</testsuite> <!-- com.qa.tests.GetAPITest -->
