<?xml version="1.0" encoding="UTF-8"?>
<!-- Generated by org.testng.reporters.JUnitReportReporter -->
<testsuite skipped="0" hostname="pinucomp" name="com.qa.tests.GetAPITest" tests="2" failures="0" timestamp="21 Feb 2019 17:29:41 GMT" time="4.148" errors="0">
  <testcase name="getAPITestWithoutHeaders" time="3.203" classname="com.qa.tests.GetAPITest"/>
  <testcase name="getAPITestWithHeaders" time="0.945" classname="com.qa.tests.GetAPITest"/>
</testsuite> <!-- com.qa.tests.GetAPITest -->
