<?xml version="1.0" encoding="UTF-8"?>
<!-- Generated by org.testng.reporters.JUnitReportReporter -->
<testsuite skipped="0" hostname="pinucomp" name="com.qa.tests.PostAPITest" tests="1" failures="0" timestamp="21 Feb 2019 17:35:04 GMT" time="8.534" errors="0">
  <testcase name="postAPITest" time="8.534" classname="com.qa.tests.PostAPITest"/>
</testsuite> <!-- com.qa.tests.PostAPITest -->
